<?xml version="1.0" encoding="UTF-8"?>
<!-- Generated by org.testng.reporters.JUnitReportReporter -->
<testsuite skipped="0" hostname="Khophanmem24h" name="com.wordpress.post.Post_01_Create_View_Edit_Delete" tests="3" failures="0" timestamp="18 Sep 2020 14:48:55 GMT" time="117.533" errors="0">
  <testcase name="Post_02_Edit_Post_At_Admin_Page" time="37.289" classname="com.wordpress.post.Post_01_Create_View_Edit_Delete"/>
  <testcase name="Post_03_Delete_Post_At_Admin_Page" time="43.184" classname="com.wordpress.post.Post_01_Create_View_Edit_Delete"/>
  <testcase name="Post_01_Create_New_Post_At_Admin_Page" time="37.060" classname="com.wordpress.post.Post_01_Create_View_Edit_Delete"/>
</testsuite> <!-- com.wordpress.post.Post_01_Create_View_Edit_Delete -->
