<?xml version="1.0" encoding="UTF-8"?>
<!-- Generated by org.testng.reporters.JUnitReportReporter -->
<testsuite skipped="0" hostname="DESKTOP-DT03IGN" name="com.wordpress.post.Post_01_Create_View_Edit_Delete" tests="1" failures="0" timestamp="16 Sep 2020 10:20:42 GMT" time="22.765" errors="0">
  <testcase name="TC_Post_01_Create_New_Post_At_Admin_Page" time="22.765" classname="com.wordpress.post.Post_01_Create_View_Edit_Delete"/>
</testsuite> <!-- com.wordpress.post.Post_01_Create_View_Edit_Delete -->
