<?xml version="1.0" encoding="UTF-8"?>
<!-- Generated by org.testng.reporters.JUnitReportReporter -->
<testsuite skipped="0" hostname="DESKTOP-DT03IGN" name="com.wordpress.post.Post_01_Create_View_Edit_Delete" tests="3" failures="0" timestamp="18 Sep 2020 09:33:16 GMT" time="104.916" errors="0">
  <testcase name="TC_Post_02_Edit_Post_At_Admin_Page" time="34.943" classname="com.wordpress.post.Post_01_Create_View_Edit_Delete"/>
  <testcase name="TC_Post_03_Delete_Post_At_Admin_Page" time="40.514" classname="com.wordpress.post.Post_01_Create_View_Edit_Delete"/>
  <testcase name="TC_Post_01_Create_New_Post_At_Admin_Page" time="29.459" classname="com.wordpress.post.Post_01_Create_View_Edit_Delete"/>
</testsuite> <!-- com.wordpress.post.Post_01_Create_View_Edit_Delete -->
